# JRE version: OpenJDK Runtime Environment Microsoft-10823458 (11.0.26+4) (build 11.0.26+4-LTS)
# Java VM: OpenJDK 64-Bit Server VM Microsoft-10823458 (11.0.26+4-LTS, mixed mode, sharing, tiered, compressed oops, g1 gc, windows-amd64)
Heap:
 garbage-first heap   total 258048K, used 200624K [0x0000000705000000, 0x0000000800000000)
  region size 1024K, 152 young (155648K), 9 survivors (9216K)
 Metaspace       used 11779K, capacity 12531K, committed 12800K, reserved 1060864K
  class space    used 1304K, capacity 1665K, committed 1792K, reserved 1048576K
GC Heap History (20 events):
Event: 6.493 GC heap before
{Heap before GC invocations=2 (full 0):
 garbage-first heap   total 258048K, used 200636K [0x0000000705000000, 0x0000000800000000)
  region size 1024K, 151 young (154624K), 8 survivors (8192K)
 Metaspace       used 11168K, capacity 11866K, committed 12160K, reserved 1060864K
  class space    used 1265K, capacity 1601K, committed 1664K, reserved 1048576K
}
Event: 6.496 GC heap after
{Heap after GC invocations=3 (full 0):
 garbage-first heap   total 258048K, used 54704K [0x0000000705000000, 0x0000000800000000)
  region size 1024K, 9 young (9216K), 9 survivors (9216K)
 Metaspace       used 11168K, capacity 11866K, committed 12160K, reserved 1060864K
  class space    used 1265K, capacity 1601K, committed 1664K, reserved 1048576K
}
Event: 8.539 GC heap before
{Heap before GC invocations=3 (full 0):
 garbage-first heap   total 258048K, used 200112K [0x0000000705000000, 0x0000000800000000)
  region size 1024K, 151 young (154624K), 9 survivors (9216K)
 Metaspace       used 11366K, capacity 12103K, committed 12160K, reserved 1060864K
  class space    used 1285K, capacity 1633K, committed 1664K, reserved 1048576K
}
Event: 8.542 GC heap after
{Heap after GC invocations=4 (full 0):
 garbage-first heap   total 258048K, used 54574K [0x0000000705000000, 0x0000000800000000)
  region size 1024K, 9 young (9216K), 9 survivors (9216K)
 Metaspace       used 11366K, capacity 12103K, committed 12160K, reserved 1060864K
  class space    used 1285K, capacity 1633K, committed 1664K, reserved 1048576K
}
Event: 10.591 GC heap before
{Heap before GC invocations=4 (full 0):
 garbage-first heap   total 258048K, used 199982K [0x0000000705000000, 0x0000000800000000)
  region size 1024K, 151 young (154624K), 9 survivors (9216K)
 Metaspace       used 11424K, capacity 12171K, committed 12416K, reserved 1060864K
  class space    used 1285K, capacity 1633K, committed 1664K, reserved 1048576K
}
Event: 10.594 GC heap after
{Heap after GC invocations=5 (full 0):
 garbage-first heap   total 258048K, used 54272K [0x0000000705000000, 0x0000000800000000)
  region size 1024K, 8 young (8192K), 8 survivors (8192K)
 Metaspace       used 11424K, capacity 12171K, committed 12416K, reserved 1060864K
  class space    used 1285K, capacity 1633K, committed 1664K, reserved 1048576K
}
Event: 12.641 GC heap before
{Heap before GC invocations=5 (full 0):
 garbage-first heap   total 258048K, used 200704K [0x0000000705000000, 0x0000000800000000)
  region size 1024K, 151 young (154624K), 8 survivors (8192K)
 Metaspace       used 11441K, capacity 12171K, committed 12416K, reserved 1060864K
  class space    used 1285K, capacity 1633K, committed 1664K, reserved 1048576K
}
Event: 12.644 GC heap after
{Heap after GC invocations=6 (full 0):
 garbage-first heap   total 258048K, used 54524K [0x0000000705000000, 0x0000000800000000)
  region size 1024K, 9 young (9216K), 9 survivors (9216K)
 Metaspace       used 11441K, capacity 12171K, committed 12416K, reserved 1060864K
  class space    used 1285K, capacity 1633K, committed 1664K, reserved 1048576K
}
Event: 14.355 GC heap before
{Heap before GC invocations=6 (full 0):
 garbage-first heap   total 258048K, used 199932K [0x0000000705000000, 0x0000000800000000)
  region size 1024K, 151 young (154624K), 9 survivors (9216K)
 Metaspace       used 11456K, capacity 12235K, committed 12416K, reserved 1060864K
  class space    used 1285K, capacity 1633K, committed 1664K, reserved 1048576K
}
Event: 14.359 GC heap after
{Heap after GC invocations=7 (full 0):
 garbage-first heap   total 258048K, used 54519K [0x0000000705000000, 0x0000000800000000)
  region size 1024K, 9 young (9216K), 9 survivors (9216K)
 Metaspace       used 11456K, capacity 12235K, committed 12416K, reserved 1060864K
  class space    used 1285K, capacity 1633K, committed 1664K, reserved 1048576K
}
Event: 15.861 GC heap before
{Heap before GC invocations=7 (full 0):
 garbage-first heap   total 258048K, used 199927K [0x0000000705000000, 0x0000000800000000)
  region size 1024K, 151 young (154624K), 9 survivors (9216K)
 Metaspace       used 11459K, capacity 12235K, committed 12416K, reserved 1060864K
  class space    used 1285K, capacity 1633K, committed 1664K, reserved 1048576K
}
Event: 15.865 GC heap after
{Heap after GC invocations=8 (full 0):
 garbage-first heap   total 258048K, used 55248K [0x0000000705000000, 0x0000000800000000)
  region size 1024K, 9 young (9216K), 9 survivors (9216K)
 Metaspace       used 11459K, capacity 12235K, committed 12416K, reserved 1060864K
  class space    used 1285K, capacity 1633K, committed 1664K, reserved 1048576K
}
Event: 17.674 GC heap before
{Heap before GC invocations=8 (full 0):
 garbage-first heap   total 258048K, used 200656K [0x0000000705000000, 0x0000000800000000)
  region size 1024K, 151 young (154624K), 9 survivors (9216K)
 Metaspace       used 11534K, capacity 12299K, committed 12416K, reserved 1060864K
  class space    used 1285K, capacity 1633K, committed 1664K, reserved 1048576K
}
Event: 17.677 GC heap after
{Heap after GC invocations=9 (full 0):
 garbage-first heap   total 258048K, used 54683K [0x0000000705000000, 0x0000000800000000)
  region size 1024K, 9 young (9216K), 9 survivors (9216K)
 Metaspace       used 11534K, capacity 12299K, committed 12416K, reserved 1060864K
  class space    used 1285K, capacity 1633K, committed 1664K, reserved 1048576K
}
Event: 19.692 GC heap before
{Heap before GC invocations=9 (full 0):
 garbage-first heap   total 258048K, used 200091K [0x0000000705000000, 0x0000000800000000)
  region size 1024K, 151 young (154624K), 9 survivors (9216K)
 Metaspace       used 11663K, capacity 12454K, committed 12800K, reserved 1060864K
  class space    used 1304K, capacity 1665K, committed 1792K, reserved 1048576K
}
Event: 19.696 GC heap after
{Heap after GC invocations=10 (full 0):
 garbage-first heap   total 258048K, used 54420K [0x0000000705000000, 0x0000000800000000)
  region size 1024K, 9 young (9216K), 9 survivors (9216K)
 Metaspace       used 11663K, capacity 12454K, committed 12800K, reserved 1060864K
  class space    used 1304K, capacity 1665K, committed 1792K, reserved 1048576K
}
Event: 21.790 GC heap before
{Heap before GC invocations=10 (full 0):
 garbage-first heap   total 258048K, used 199828K [0x0000000705000000, 0x0000000800000000)
  region size 1024K, 151 young (154624K), 9 survivors (9216K)
 Metaspace       used 11703K, capacity 12454K, committed 12800K, reserved 1060864K
  class space    used 1304K, capacity 1665K, committed 1792K, reserved 1048576K
}
Event: 21.793 GC heap after
{Heap after GC invocations=11 (full 0):
 garbage-first heap   total 258048K, used 54896K [0x0000000705000000, 0x0000000800000000)
  region size 1024K, 9 young (9216K), 9 survivors (9216K)
 Metaspace       used 11703K, capacity 12454K, committed 12800K, reserved 1060864K
  class space    used 1304K, capacity 1665K, committed 1792K, reserved 1048576K
}
Event: 23.981 GC heap before
{Heap before GC invocations=11 (full 0):
 garbage-first heap   total 258048K, used 200304K [0x0000000705000000, 0x0000000800000000)
  region size 1024K, 151 young (154624K), 9 survivors (9216K)
 Metaspace       used 11733K, capacity 12523K, committed 12800K, reserved 1060864K
  class space    used 1304K, capacity 1665K, committed 1792K, reserved 1048576K
}
Event: 23.985 GC heap after
{Heap after GC invocations=12 (full 0):
 garbage-first heap   total 258048K, used 54192K [0x0000000705000000, 0x0000000800000000)
  region size 1024K, 8 young (8192K), 8 survivors (8192K)
 Metaspace       used 11733K, capacity 12523K, committed 12800K, reserved 1060864K
  class space    used 1304K, capacity 1665K, committed 1792K, reserved 1048576K
}

