# JRE version: OpenJDK Runtime Environment Microsoft-10823458 (11.0.26+4) (build 11.0.26+4-LTS)
# Java VM: OpenJDK 64-Bit Server VM Microsoft-10823458 (11.0.26+4-LTS, mixed mode, sharing, tiered, compressed oops, g1 gc, windows-amd64)
Heap:
 garbage-first heap   total 258048K, used 105472K [0x0000000705000000, 0x0000000800000000)
  region size 1024K, 60 young (61440K), 8 survivors (8192K)
 Metaspace       used 11045K, capacity 11681K, committed 11776K, reserved 1058816K
  class space    used 1205K, capacity 1509K, committed 1536K, reserved 1048576K
GC Heap History (14 events):
Event: 0.639 GC heap before
{Heap before GC invocations=0 (full 0):
 garbage-first heap   total 258048K, used 32768K [0x0000000705000000, 0x0000000800000000)
  region size 1024K, 24 young (24576K), 0 survivors (0K)
 Metaspace       used 3547K, capacity 4884K, committed 5248K, reserved 1056768K
  class space    used 364K, capacity 531K, committed 640K, reserved 1048576K
}
Event: 0.642 GC heap after
{Heap after GC invocations=1 (full 0):
 garbage-first heap   total 258048K, used 11832K [0x0000000705000000, 0x0000000800000000)
  region size 1024K, 3 young (3072K), 3 survivors (3072K)
 Metaspace       used 3547K, capacity 4884K, committed 5248K, reserved 1056768K
  class space    used 364K, capacity 531K, committed 640K, reserved 1048576K
}
Event: 4.186 GC heap before
{Heap before GC invocations=1 (full 0):
 garbage-first heap   total 258048K, used 198200K [0x0000000705000000, 0x0000000800000000)
  region size 1024K, 151 young (154624K), 3 survivors (3072K)
 Metaspace       used 10526K, capacity 11134K, committed 11264K, reserved 1058816K
  class space    used 1157K, capacity 1434K, committed 1536K, reserved 1048576K
}
Event: 4.190 GC heap after
{Heap after GC invocations=2 (full 0):
 garbage-first heap   total 258048K, used 53101K [0x0000000705000000, 0x0000000800000000)
  region size 1024K, 8 young (8192K), 8 survivors (8192K)
 Metaspace       used 10526K, capacity 11134K, committed 11264K, reserved 1058816K
  class space    used 1157K, capacity 1434K, committed 1536K, reserved 1048576K
}
Event: 6.360 GC heap before
{Heap before GC invocations=2 (full 0):
 garbage-first heap   total 258048K, used 199533K [0x0000000705000000, 0x0000000800000000)
  region size 1024K, 151 young (154624K), 8 survivors (8192K)
 Metaspace       used 10617K, capacity 11202K, committed 11520K, reserved 1058816K
  class space    used 1161K, capacity 1434K, committed 1536K, reserved 1048576K
}
Event: 6.364 GC heap after
{Heap after GC invocations=3 (full 0):
 garbage-first heap   total 258048K, used 52969K [0x0000000705000000, 0x0000000800000000)
  region size 1024K, 8 young (8192K), 8 survivors (8192K)
 Metaspace       used 10617K, capacity 11202K, committed 11520K, reserved 1058816K
  class space    used 1161K, capacity 1434K, committed 1536K, reserved 1048576K
}
Event: 8.476 GC heap before
{Heap before GC invocations=3 (full 0):
 garbage-first heap   total 258048K, used 199401K [0x0000000705000000, 0x0000000800000000)
  region size 1024K, 151 young (154624K), 8 survivors (8192K)
 Metaspace       used 10709K, capacity 11267K, committed 11520K, reserved 1058816K
  class space    used 1161K, capacity 1434K, committed 1536K, reserved 1048576K
}
Event: 8.479 GC heap after
{Heap after GC invocations=4 (full 0):
 garbage-first heap   total 258048K, used 53398K [0x0000000705000000, 0x0000000800000000)
  region size 1024K, 9 young (9216K), 9 survivors (9216K)
 Metaspace       used 10709K, capacity 11267K, committed 11520K, reserved 1058816K
  class space    used 1161K, capacity 1434K, committed 1536K, reserved 1048576K
}
Event: 10.257 GC heap before
{Heap before GC invocations=4 (full 0):
 garbage-first heap   total 258048K, used 198806K [0x0000000705000000, 0x0000000800000000)
  region size 1024K, 151 young (154624K), 9 survivors (9216K)
 Metaspace       used 10779K, capacity 11335K, committed 11520K, reserved 1058816K
  class space    used 1161K, capacity 1434K, committed 1536K, reserved 1048576K
}
Event: 10.261 GC heap after
{Heap after GC invocations=5 (full 0):
 garbage-first heap   total 258048K, used 53972K [0x0000000705000000, 0x0000000800000000)
  region size 1024K, 9 young (9216K), 9 survivors (9216K)
 Metaspace       used 10779K, capacity 11335K, committed 11520K, reserved 1058816K
  class space    used 1161K, capacity 1434K, committed 1536K, reserved 1048576K
}
Event: 11.850 GC heap before
{Heap before GC invocations=5 (full 0):
 garbage-first heap   total 258048K, used 199380K [0x0000000705000000, 0x0000000800000000)
  region size 1024K, 151 young (154624K), 9 survivors (9216K)
 Metaspace       used 10801K, capacity 11399K, committed 11520K, reserved 1058816K
  class space    used 1161K, capacity 1434K, committed 1536K, reserved 1048576K
}
Event: 11.853 GC heap after
{Heap after GC invocations=6 (full 0):
 garbage-first heap   total 258048K, used 53679K [0x0000000705000000, 0x0000000800000000)
  region size 1024K, 9 young (9216K), 9 survivors (9216K)
 Metaspace       used 10801K, capacity 11399K, committed 11520K, reserved 1058816K
  class space    used 1161K, capacity 1434K, committed 1536K, reserved 1048576K
}
Event: 13.376 GC heap before
{Heap before GC invocations=6 (full 0):
 garbage-first heap   total 258048K, used 199087K [0x0000000705000000, 0x0000000800000000)
  region size 1024K, 151 young (154624K), 9 survivors (9216K)
 Metaspace       used 10846K, capacity 11399K, committed 11520K, reserved 1058816K
  class space    used 1161K, capacity 1434K, committed 1536K, reserved 1048576K
}
Event: 13.379 GC heap after
{Heap after GC invocations=7 (full 0):
 garbage-first heap   total 258048K, used 53248K [0x0000000705000000, 0x0000000800000000)
  region size 1024K, 8 young (8192K), 8 survivors (8192K)
 Metaspace       used 10846K, capacity 11399K, committed 11520K, reserved 1058816K
  class space    used 1161K, capacity 1434K, committed 1536K, reserved 1048576K
}

