# JRE version: OpenJDK Runtime Environment Microsoft-10823458 (11.0.26+4) (build 11.0.26+4-LTS)
# Java VM: OpenJDK 64-Bit Server VM Microsoft-10823458 (11.0.26+4-LTS, mixed mode, sharing, tiered, compressed oops, g1 gc, windows-amd64)
Heap:
 garbage-first heap   total 264192K, used 198720K [0x0000000705000000, 0x0000000800000000)
  region size 1024K, 146 young (149504K), 8 survivors (8192K)
 Metaspace       used 11557K, capacity 12216K, committed 12416K, reserved 1060864K
  class space    used 1232K, capacity 1537K, committed 1664K, reserved 1048576K
GC Heap History (20 events):
Event: 8.292 GC heap before
{Heap before GC invocations=3 (full 0):
 garbage-first heap   total 258048K, used 200332K [0x0000000705000000, 0x0000000800000000)
  region size 1024K, 151 young (154624K), 8 survivors (8192K)
 Metaspace       used 10839K, capacity 11382K, committed 11520K, reserved 1058816K
  class space    used 1171K, capacity 1430K, committed 1536K, reserved 1048576K
}
Event: 8.295 GC heap after
{Heap after GC invocations=4 (full 0):
 garbage-first heap   total 258048K, used 55112K [0x0000000705000000, 0x0000000800000000)
  region size 1024K, 9 young (9216K), 9 survivors (9216K)
 Metaspace       used 10839K, capacity 11382K, committed 11520K, reserved 1058816K
  class space    used 1171K, capacity 1430K, committed 1536K, reserved 1048576K
}
Event: 10.016 GC heap before
{Heap before GC invocations=4 (full 0):
 garbage-first heap   total 258048K, used 200520K [0x0000000705000000, 0x0000000800000000)
  region size 1024K, 151 young (154624K), 9 survivors (9216K)
 Metaspace       used 10888K, capacity 11450K, committed 11776K, reserved 1058816K
  class space    used 1172K, capacity 1430K, committed 1536K, reserved 1048576K
}
Event: 10.019 GC heap after
{Heap after GC invocations=5 (full 0):
 garbage-first heap   total 258048K, used 53969K [0x0000000705000000, 0x0000000800000000)
  region size 1024K, 8 young (8192K), 8 survivors (8192K)
 Metaspace       used 10888K, capacity 11450K, committed 11776K, reserved 1058816K
  class space    used 1172K, capacity 1430K, committed 1536K, reserved 1048576K
}
Event: 11.591 GC heap before
{Heap before GC invocations=5 (full 0):
 garbage-first heap   total 258048K, used 200401K [0x0000000705000000, 0x0000000800000000)
  region size 1024K, 151 young (154624K), 8 survivors (8192K)
 Metaspace       used 10923K, capacity 11450K, committed 11776K, reserved 1058816K
  class space    used 1172K, capacity 1430K, committed 1536K, reserved 1048576K
}
Event: 11.594 GC heap after
{Heap after GC invocations=6 (full 0):
 garbage-first heap   total 258048K, used 54261K [0x0000000705000000, 0x0000000800000000)
  region size 1024K, 8 young (8192K), 8 survivors (8192K)
 Metaspace       used 10923K, capacity 11450K, committed 11776K, reserved 1058816K
  class space    used 1172K, capacity 1430K, committed 1536K, reserved 1048576K
}
Event: 13.060 GC heap before
{Heap before GC invocations=6 (full 0):
 garbage-first heap   total 258048K, used 200693K [0x0000000705000000, 0x0000000800000000)
  region size 1024K, 151 young (154624K), 8 survivors (8192K)
 Metaspace       used 10923K, capacity 11450K, committed 11776K, reserved 1058816K
  class space    used 1172K, capacity 1430K, committed 1536K, reserved 1048576K
}
Event: 13.063 GC heap after
{Heap after GC invocations=7 (full 0):
 garbage-first heap   total 258048K, used 54835K [0x0000000705000000, 0x0000000800000000)
  region size 1024K, 9 young (9216K), 9 survivors (9216K)
 Metaspace       used 10923K, capacity 11450K, committed 11776K, reserved 1058816K
  class space    used 1172K, capacity 1430K, committed 1536K, reserved 1048576K
}
Event: 14.962 GC heap before
{Heap before GC invocations=7 (full 0):
 garbage-first heap   total 258048K, used 200243K [0x0000000705000000, 0x0000000800000000)
  region size 1024K, 152 young (155648K), 9 survivors (9216K)
 Metaspace       used 11162K, capacity 11836K, committed 12032K, reserved 1060864K
  class space    used 1218K, capacity 1518K, committed 1536K, reserved 1048576K
}
Event: 14.965 GC heap after
{Heap after GC invocations=8 (full 0):
 garbage-first heap   total 258048K, used 54517K [0x0000000705000000, 0x0000000800000000)
  region size 1024K, 9 young (9216K), 9 survivors (9216K)
 Metaspace       used 11162K, capacity 11836K, committed 12032K, reserved 1060864K
  class space    used 1218K, capacity 1518K, committed 1536K, reserved 1048576K
}
Event: 17.615 GC heap before
{Heap before GC invocations=8 (full 0):
 garbage-first heap   total 258048K, used 250101K [0x0000000705000000, 0x0000000800000000)
  region size 1024K, 151 young (154624K), 9 survivors (9216K)
 Metaspace       used 11356K, capacity 12032K, committed 12288K, reserved 1060864K
  class space    used 1218K, capacity 1518K, committed 1536K, reserved 1048576K
}
Event: 17.618 GC heap after
{Heap after GC invocations=9 (full 0):
 garbage-first heap   total 263168K, used 70262K [0x0000000705000000, 0x0000000800000000)
  region size 1024K, 10 young (10240K), 10 survivors (10240K)
 Metaspace       used 11356K, capacity 12032K, committed 12288K, reserved 1060864K
  class space    used 1218K, capacity 1518K, committed 1536K, reserved 1048576K
}
Event: 19.353 GC heap before
{Heap before GC invocations=9 (full 0):
 garbage-first heap   total 263168K, used 217718K [0x0000000705000000, 0x0000000800000000)
  region size 1024K, 154 young (157696K), 10 survivors (10240K)
 Metaspace       used 11373K, capacity 12032K, committed 12288K, reserved 1060864K
  class space    used 1218K, capacity 1518K, committed 1536K, reserved 1048576K
}
Event: 19.356 GC heap after
{Heap after GC invocations=10 (full 0):
 garbage-first heap   total 263168K, used 54111K [0x0000000705000000, 0x0000000800000000)
  region size 1024K, 8 young (8192K), 8 survivors (8192K)
 Metaspace       used 11373K, capacity 12032K, committed 12288K, reserved 1060864K
  class space    used 1218K, capacity 1518K, committed 1536K, reserved 1048576K
}
Event: 21.585 GC heap before
{Heap before GC invocations=10 (full 0):
 garbage-first heap   total 263168K, used 254815K [0x0000000705000000, 0x0000000800000000)
  region size 1024K, 154 young (157696K), 8 survivors (8192K)
 Metaspace       used 11432K, capacity 12096K, committed 12288K, reserved 1060864K
  class space    used 1219K, capacity 1518K, committed 1536K, reserved 1048576K
}
Event: 21.589 GC heap after
{Heap after GC invocations=11 (full 0):
 garbage-first heap   total 264192K, used 63472K [0x0000000705000000, 0x0000000800000000)
  region size 1024K, 8 young (8192K), 8 survivors (8192K)
 Metaspace       used 11432K, capacity 12096K, committed 12288K, reserved 1060864K
  class space    used 1219K, capacity 1518K, committed 1536K, reserved 1048576K
}
Event: 23.218 GC heap before
{Heap before GC invocations=11 (full 0):
 garbage-first heap   total 264192K, used 212976K [0x0000000705000000, 0x0000000800000000)
  region size 1024K, 154 young (157696K), 8 survivors (8192K)
 Metaspace       used 11436K, capacity 12096K, committed 12288K, reserved 1060864K
  class space    used 1219K, capacity 1518K, committed 1536K, reserved 1048576K
}
Event: 23.222 GC heap after
{Heap after GC invocations=12 (full 0):
 garbage-first heap   total 264192K, used 54376K [0x0000000705000000, 0x0000000800000000)
  region size 1024K, 8 young (8192K), 8 survivors (8192K)
 Metaspace       used 11436K, capacity 12096K, committed 12288K, reserved 1060864K
  class space    used 1219K, capacity 1518K, committed 1536K, reserved 1048576K
}
Event: 24.794 GC heap before
{Heap before GC invocations=12 (full 0):
 garbage-first heap   total 264192K, used 203880K [0x0000000705000000, 0x0000000800000000)
  region size 1024K, 154 young (157696K), 8 survivors (8192K)
 Metaspace       used 11436K, capacity 12096K, committed 12288K, reserved 1060864K
  class space    used 1219K, capacity 1518K, committed 1536K, reserved 1048576K
}
Event: 24.797 GC heap after
{Heap after GC invocations=13 (full 0):
 garbage-first heap   total 264192K, used 54336K [0x0000000705000000, 0x0000000800000000)
  region size 1024K, 8 young (8192K), 8 survivors (8192K)
 Metaspace       used 11436K, capacity 12096K, committed 12288K, reserved 1060864K
  class space    used 1219K, capacity 1518K, committed 1536K, reserved 1048576K
}

