# JRE version: OpenJDK Runtime Environment Microsoft-10823458 (11.0.26+4) (build 11.0.26+4-LTS)
# Java VM: OpenJDK 64-Bit Server VM Microsoft-10823458 (11.0.26+4-LTS, mixed mode, sharing, tiered, compressed oops, g1 gc, windows-amd64)
Heap:
 garbage-first heap   total 258048K, used 133901K [0x0000000705000000, 0x0000000800000000)
  region size 1024K, 80 young (81920K), 8 survivors (8192K)
 Metaspace       used 11246K, capacity 11925K, committed 12032K, reserved 1060864K
  class space    used 1214K, capacity 1509K, committed 1536K, reserved 1048576K
GC Heap History (12 events):
Event: 0.512 GC heap before
{Heap before GC invocations=0 (full 0):
 garbage-first heap   total 258048K, used 32768K [0x0000000705000000, 0x0000000800000000)
  region size 1024K, 24 young (24576K), 0 survivors (0K)
 Metaspace       used 3557K, capacity 4884K, committed 5248K, reserved 1056768K
  class space    used 364K, capacity 531K, committed 640K, reserved 1048576K
}
Event: 0.515 GC heap after
{Heap after GC invocations=1 (full 0):
 garbage-first heap   total 258048K, used 11919K [0x0000000705000000, 0x0000000800000000)
  region size 1024K, 3 young (3072K), 3 survivors (3072K)
 Metaspace       used 3557K, capacity 4884K, committed 5248K, reserved 1056768K
  class space    used 364K, capacity 531K, committed 640K, reserved 1048576K
}
Event: 3.069 GC heap before
{Heap before GC invocations=1 (full 0):
 garbage-first heap   total 258048K, used 203407K [0x0000000705000000, 0x0000000800000000)
  region size 1024K, 151 young (154624K), 3 survivors (3072K)
 Metaspace       used 10504K, capacity 11058K, committed 11264K, reserved 1058816K
  class space    used 1159K, capacity 1434K, committed 1536K, reserved 1048576K
}
Event: 3.074 GC heap after
{Heap after GC invocations=2 (full 0):
 garbage-first heap   total 258048K, used 59159K [0x0000000705000000, 0x0000000800000000)
  region size 1024K, 10 young (10240K), 10 survivors (10240K)
 Metaspace       used 10504K, capacity 11058K, committed 11264K, reserved 1058816K
  class space    used 1159K, capacity 1434K, committed 1536K, reserved 1048576K
}
Event: 5.203 GC heap before
{Heap before GC invocations=2 (full 0):
 garbage-first heap   total 258048K, used 203543K [0x0000000705000000, 0x0000000800000000)
  region size 1024K, 151 young (154624K), 10 survivors (10240K)
 Metaspace       used 10604K, capacity 11190K, committed 11520K, reserved 1058816K
  class space    used 1162K, capacity 1434K, committed 1536K, reserved 1048576K
}
Event: 5.206 GC heap after
{Heap after GC invocations=3 (full 0):
 garbage-first heap   total 258048K, used 57328K [0x0000000705000000, 0x0000000800000000)
  region size 1024K, 8 young (8192K), 8 survivors (8192K)
 Metaspace       used 10604K, capacity 11190K, committed 11520K, reserved 1058816K
  class space    used 1162K, capacity 1434K, committed 1536K, reserved 1048576K
}
Event: 7.175 GC heap before
{Heap before GC invocations=3 (full 0):
 garbage-first heap   total 258048K, used 203760K [0x0000000705000000, 0x0000000800000000)
  region size 1024K, 151 young (154624K), 8 survivors (8192K)
 Metaspace       used 10719K, capacity 11323K, committed 11520K, reserved 1058816K
  class space    used 1162K, capacity 1434K, committed 1536K, reserved 1048576K
}
Event: 7.178 GC heap after
{Heap after GC invocations=4 (full 0):
 garbage-first heap   total 258048K, used 57469K [0x0000000705000000, 0x0000000800000000)
  region size 1024K, 9 young (9216K), 9 survivors (9216K)
 Metaspace       used 10719K, capacity 11323K, committed 11520K, reserved 1058816K
  class space    used 1162K, capacity 1434K, committed 1536K, reserved 1048576K
}
Event: 8.820 GC heap before
{Heap before GC invocations=4 (full 0):
 garbage-first heap   total 258048K, used 202877K [0x0000000705000000, 0x0000000800000000)
  region size 1024K, 151 young (154624K), 9 survivors (9216K)
 Metaspace       used 10745K, capacity 11323K, committed 11520K, reserved 1058816K
  class space    used 1162K, capacity 1434K, committed 1536K, reserved 1048576K
}
Event: 8.823 GC heap after
{Heap after GC invocations=5 (full 0):
 garbage-first heap   total 258048K, used 57075K [0x0000000705000000, 0x0000000800000000)
  region size 1024K, 8 young (8192K), 8 survivors (8192K)
 Metaspace       used 10745K, capacity 11323K, committed 11520K, reserved 1058816K
  class space    used 1162K, capacity 1434K, committed 1536K, reserved 1048576K
}
Event: 10.383 GC heap before
{Heap before GC invocations=5 (full 0):
 garbage-first heap   total 258048K, used 203507K [0x0000000705000000, 0x0000000800000000)
  region size 1024K, 151 young (154624K), 8 survivors (8192K)
 Metaspace       used 10774K, capacity 11323K, committed 11520K, reserved 1058816K
  class space    used 1162K, capacity 1434K, committed 1536K, reserved 1048576K
}
Event: 10.387 GC heap after
{Heap after GC invocations=6 (full 0):
 garbage-first heap   total 258048K, used 57101K [0x0000000705000000, 0x0000000800000000)
  region size 1024K, 8 young (8192K), 8 survivors (8192K)
 Metaspace       used 10774K, capacity 11323K, committed 11520K, reserved 1058816K
  class space    used 1162K, capacity 1434K, committed 1536K, reserved 1048576K
}

